[debug] > Exec(early(addDefaultCommands), None, None)
[debug] > Exec(addDefaultCommands, None, None)
[debug] > Exec(early(initialize), None, None)
[debug] > Exec(initialize, None, None)
[debug] > Exec(early(addPluginSbtFile="""C:\Users\franc\AppData\Local\Temp\idea7.sbt"""), None, None)
[debug] > Exec(addPluginSbtFile="""C:\Users\franc\AppData\Local\Temp\idea7.sbt""", None, None)
[debug] > Exec(boot, None, None)
[debug] > Exec(writeSbtVersion, None, None)
[debug] > Exec(reload, None, None)
[debug] > Exec(sbtStashOnFailure, None, None)
[debug] > Exec(onFailure loadFailed, None, None)
[debug] > Exec(loadp, None, None)
[info] welcome to sbt 1.10.5 (JetBrains s.r.o. Java 17.0.12)
[debug] Load.defaultLoad until apply took 187.7329ms
[debug]           Load.loadUnit: plugins took 199.2516ms
[debug]           Load.loadUnit: defsScala took 0.922699ms
[debug] [Loading] Scanning directory C:\Users\franc\OneDrive\Documentos\Franck\Faculdade\IFBA\PLP\lista-de-tarefas-zio\project
[debug]             Load.loadUnit: mkEval took 12.8134ms
[debug] [Loading] Found non-root projects 
[debug] [Loading] Done in C:\Users\franc\OneDrive\Documentos\Franck\Faculdade\IFBA\PLP\lista-de-tarefas-zio\project, returning: ()
[debug] deducing auto plugins based on known facts Set(Atom(sbt.plugins.CorePlugin)) and clauses Clauses(Clause(Atom(sbt.plugins.JvmPlugin),Set(Atom(sbt.plugins.IvyPlugin)))
[debug] Clause(Atom(sbt.ScriptedPlugin),Set(Atom(sbt.plugins.JvmPlugin)))
[debug] Clause(Atom(sbt.plugins.SbtPlugin),Set(Atom(sbt.ScriptedPlugin)))
[debug] Clause(Atom(sbt.plugins.SemanticdbPlugin),Set(Atom(sbt.plugins.JvmPlugin)))
[debug] Clause(Atom(sbt.plugins.JUnitXmlReportPlugin),Set(Atom(sbt.plugins.JvmPlugin)))
[debug] Clause(Atom(sbt.plugins.MiniDependencyTreePlugin),Set(Atom(sbt.plugins.JvmPlugin)))
[debug] Clause(Atom(sbt.plugins.CorePlugin),Set(Atom(sbt.plugins.IvyPlugin)))
[debug] Clause(Atom(sbt.plugins.IvyPlugin),Set(Atom(sbt.plugins.JvmPlugin)))
[debug] Clause(Atom(sbt.plugins.JvmPlugin),Set(Atom(sbt.plugins.SemanticdbPlugin)))
[debug] Clause(Atom(sbt.plugins.JvmPlugin),Set(Atom(sbt.plugins.JUnitXmlReportPlugin)))
[debug] Clause(Atom(sbt.plugins.CorePlugin),Set(Atom(sbt.plugins.Giter8TemplatePlugin)))
[debug] Clause(Atom(sbt.plugins.JvmPlugin),Set(Atom(sbt.plugins.MiniDependencyTreePlugin))))
[debug]   :: deduced result: Matched(sbt.plugins.CorePlugin,sbt.plugins.Giter8TemplatePlugin,sbt.plugins.IvyPlugin,sbt.plugins.JvmPlugin,sbt.plugins.MiniDependencyTreePlugin,sbt.plugins.JUnitXmlReportPlugin,sbt.plugins.SemanticdbPlugin)
[debug] Plugins.deducer#function took 40.4242 ms
[info] loading settings for project lista-de-tarefas-zio-build from idea7.sbt ...
[debug]               Load.resolveProject(lista-de-tarefas-zio-build) took 88.932201ms
[debug]             Load.loadTransitive: finalizeProject(Project(id lista-de-tarefas-zio-build, base: C:\Users\franc\OneDrive\Documentos\Franck\Faculdade\IFBA\PLP\lista-de-tarefas-zio\project, plugins: List(<none>))) took 158.375ms
[debug] [Loading] Done in C:\Users\franc\OneDrive\Documentos\Franck\Faculdade\IFBA\PLP\lista-de-tarefas-zio\project, returning: (lista-de-tarefas-zio-build)
[debug]           Load.loadUnit: loadedProjectsRaw took 5513.445801ms
[debug]           Load.loadUnit: cleanEvalClasses took 16.3523ms
[debug]         Load.loadUnit(file:/C:/Users/franc/OneDrive/Documentos/Franck/Faculdade/IFBA/PLP/lista-de-tarefas-zio/project/, ...) took 5742.2145ms
[debug]       Load.apply: load took 6023.6635ms
[debug]       Load.apply: resolveProjects took 9.1306ms
[debug]       Load.apply: finalTransforms took 128.7224ms
[debug]       Load.apply: config.delegates took 11.5205ms
[debug]       Load.apply: Def.make(settings)... took 651.7823ms
[debug]       Load.apply: structureIndex took 235.130601ms
[debug]       Load.apply: mkStreams took 5.234899ms
[info] loading project definition from C:\Users\franc\OneDrive\Documentos\Franck\Faculdade\IFBA\PLP\lista-de-tarefas-zio\project
[debug] Running task... Cancel: Signal, check cycles: false, forcegc: true
[debug]     Load.loadUnit: plugins took 10187.0561ms
[debug]     Load.loadUnit: defsScala took 0.0052ms
[debug] [Loading] Scanning directory C:\Users\franc\OneDrive\Documentos\Franck\Faculdade\IFBA\PLP\lista-de-tarefas-zio
[debug]       Load.loadUnit: mkEval took 0.435399ms
[debug] [Loading] Found root project root w/ remaining 
[debug] deducing auto plugins based on known facts Set(Atom(sbt.plugins.CorePlugin)) and clauses Clauses(Clause(Atom(sbt.plugins.JvmPlugin),Set(Atom(sbt.plugins.IvyPlugin)))
[debug] Clause(Atom(sbt.ScriptedPlugin),Set(Atom(sbt.plugins.JvmPlugin)))
[debug] Clause(Atom(sbt.plugins.SbtPlugin),Set(Atom(sbt.ScriptedPlugin)))
[debug] Clause(Atom(sbt.plugins.SemanticdbPlugin),Set(Atom(sbt.plugins.JvmPlugin)))
[debug] Clause(Atom(sbt.plugins.JUnitXmlReportPlugin),Set(Atom(sbt.plugins.JvmPlugin)))
[debug] Clause(Atom(sbt.plugins.MiniDependencyTreePlugin),Set(Atom(sbt.plugins.JvmPlugin)))
[debug] Clause(Atom(org.jetbrains.sbt.StructurePlugin),Set(Atom(sbt.plugins.JvmPlugin)))
[debug] Clause(Atom(org.jetbrains.sbt.IdeaShellPlugin),Set(Atom(sbt.plugins.JvmPlugin)))
[debug] Clause(Atom(sbt.plugins.CorePlugin),Set(Atom(sbt.plugins.IvyPlugin)))
[debug] Clause(Atom(sbt.plugins.IvyPlugin),Set(Atom(sbt.plugins.JvmPlugin)))
[debug] Clause(Atom(sbt.plugins.JvmPlugin),Set(Atom(sbt.plugins.SemanticdbPlugin)))
[debug] Clause(Atom(sbt.plugins.JvmPlugin),Set(Atom(sbt.plugins.JUnitXmlReportPlugin)))
[debug] Clause(Atom(sbt.plugins.CorePlugin),Set(Atom(sbt.plugins.Giter8TemplatePlugin)))
[debug] Clause(Atom(sbt.plugins.JvmPlugin),Set(Atom(sbt.plugins.MiniDependencyTreePlugin)))
[debug] Clause(Atom(sbt.plugins.JvmPlugin),Set(Atom(org.jetbrains.sbt.StructurePlugin)))
[debug] Clause(Atom(sbt.plugins.JvmPlugin),Set(Atom(org.jetbrains.sbt.IdeaShellPlugin))))
[debug]   :: deduced result: Matched(sbt.plugins.CorePlugin,sbt.plugins.Giter8TemplatePlugin,sbt.plugins.IvyPlugin,sbt.plugins.JvmPlugin,sbt.plugins.SemanticdbPlugin,sbt.plugins.JUnitXmlReportPlugin,org.jetbrains.sbt.IdeaShellPlugin,org.jetbrains.sbt.StructurePlugin,sbt.plugins.MiniDependencyTreePlugin)
[debug] Plugins.deducer#function took 3.2591 ms
[info] loading settings for project root from build.sbt ...
[debug]         Load.resolveProject(root) took 66.7886ms
[debug]       Load.loadTransitive: finalizeProject(Project(id root, base: C:\Users\franc\OneDrive\Documentos\Franck\Faculdade\IFBA\PLP\lista-de-tarefas-zio, plugins: List(<none>))) took 75.9339ms
[debug] [Loading] Done in C:\Users\franc\OneDrive\Documentos\Franck\Faculdade\IFBA\PLP\lista-de-tarefas-zio, returning: (root)
[debug]     Load.loadUnit: loadedProjectsRaw took 2739.6473ms
[debug]     Load.loadUnit: cleanEvalClasses took 53.384001ms
[debug]   Load.loadUnit(file:/C:/Users/franc/OneDrive/Documentos/Franck/Faculdade/IFBA/PLP/lista-de-tarefas-zio/, ...) took 12985.719801ms
[debug] Load.apply: load took 13042.2523ms
[debug] Load.apply: resolveProjects took 0.2032ms
[debug] Load.apply: finalTransforms took 92.5836ms
[debug] Load.apply: config.delegates took 0.8373ms
[debug] Load.apply: Def.make(settings)... took 169.9145ms
[debug] Load.apply: structureIndex took 71.158599ms
[debug] Load.apply: mkStreams took 0.0043ms
[info] set current project to lista-de-tarefas-zio (in build file:/C:/Users/franc/OneDrive/Documentos/Franck/Faculdade/IFBA/PLP/lista-de-tarefas-zio/)
[debug] > Exec(sbtPopOnFailure, None, None)
[debug] > Exec(resumeFromFailure, None, None)
[debug] > Exec(notifyUsersAboutShell, None, None)
[debug] > Exec(iflast shell, None, None)
[debug] > Exec(idea-shell, None, None)
